[debug] [2019-04-25T17:43:25.161Z] ----------------------------------------------------------------------
[debug] [2019-04-25T17:43:25.162Z] Command:       /usr/local/bin/node /usr/local/bin/firebase serve --only functions -P develop
[debug] [2019-04-25T17:43:25.163Z] CLI Version:   6.7.1
[debug] [2019-04-25T17:43:25.163Z] Platform:      darwin
[debug] [2019-04-25T17:43:25.163Z] Node Version:  v10.15.3
[debug] [2019-04-25T17:43:25.164Z] Time:          Thu Apr 25 2019 14:43:25 GMT-0300 (Argentina Standard Time)
[debug] [2019-04-25T17:43:25.165Z] ----------------------------------------------------------------------
[debug] 
[debug] [2019-04-25T17:43:25.417Z] > command requires scopes: ["email","openid","https://www.googleapis.com/auth/cloudplatformprojects.readonly","https://www.googleapis.com/auth/firebase","https://www.googleapis.com/auth/cloud-platform"]
[debug] [2019-04-25T17:43:25.417Z] > authorizing via signed-in user
[debug] [2019-04-25T17:43:25.417Z] [iam] checking project csumb-gatsby-develop for permissions ["firebase.projects.get"]
[debug] [2019-04-25T17:43:25.419Z] >>> HTTP REQUEST POST https://cloudresourcemanager.googleapis.com/v1/projects/csumb-gatsby-develop:testIamPermissions  

[debug] [2019-04-25T17:43:26.846Z] <<< HTTP RESPONSE 200
[debug] [2019-04-25T17:43:26.848Z] >>> HTTP REQUEST GET https://cloudresourcemanager.googleapis.com/v1/projects/csumb-gatsby-develop  
 
[debug] [2019-04-25T17:43:29.091Z] <<< HTTP RESPONSE 200
[info] 
[info] === Serving from '/Users/mill5935/Documents/csumb-gatsby'...
[info] 
[info] i  functions: Preparing to emulate functions.
[debug] [2019-04-25T17:43:30.077Z] Fetching environment
[debug] [2019-04-25T17:43:30.080Z] >>> HTTP REQUEST GET https://mobilesdk-pa.googleapis.com/v1/projects/395776125116:getServerAppConfig  
 
[debug] [2019-04-25T17:43:30.461Z] <<< HTTP RESPONSE 200
[debug] [2019-04-25T17:43:30.462Z] Starting @google-cloud/functions-emulator
[debug] [2019-04-25T17:43:32.013Z] Parsing function triggers
[info] ✔  functions: oktaSessionEnd: http://localhost:5000/csumb-gatsby-develop/us-central1/oktaSessionEnd
[info] ✔  functions: oktaLookup: http://localhost:5000/csumb-gatsby-develop/us-central1/oktaLookup
[info] ✔  functions: oktaSecondaryEmail: http://localhost:5000/csumb-gatsby-develop/us-central1/oktaSecondaryEmail
[info] ✔  functions: laundryHall: http://localhost:5000/csumb-gatsby-develop/us-central1/laundryHall
[info] ✔  functions: laundry: http://localhost:5000/csumb-gatsby-develop/us-central1/laundry
